2020-07-15 23:25:20,687 INFO matt1003489@gmail.com failed to log in
2020-07-16 10:21:22,156 INFO matt1003489@gmail.com failed to log in
2020-07-16 10:21:32,446 INFO matt1003489@gmail.com logged in successfully
2020-07-16 23:59:10,744 INFO valcheng7@gmail.com logged in successfully
2020-07-20 14:18:58,853 INFO matt1003489@gmail.com failed to log in
2020-07-20 14:19:18,347 INFO matt1003489@gmail.com failed to log in
2020-07-20 14:20:20,919 INFO matt1003489@gmail.com failed to log in
2020-07-20 14:20:24,787 INFO matt1003489@gmail.com failed to log in
2020-07-20 14:20:35,881 INFO matt1003489@gmail.com logged in successfully
2020-07-20 16:32:13,298 INFO admin@gmail.com logged in successfully
2020-07-20 16:32:38,454 INFO admin@gmail.com logged in successfully
2020-07-24 11:48:09,336 INFO admin@gmail.com failed to log in
2020-07-24 11:49:36,678 INFO admin@gmail.com failed to log in
2020-07-24 11:50:36,335 INFO matt1003489@gmail.com logged in successfully
2020-07-24 13:25:23,778 INFO admin@gmail.com logged in successfully
2020-07-24 18:27:41,411 INFO matt1003489@gmail.com logged in successfully
2020-07-24 20:24:55,383 INFO admin@gmail.com logged in successfully
2020-07-25 13:28:41,233 INFO matt1003489@gmail.com failed to log in
2020-07-25 13:28:45,667 INFO matt1003489@gmail.com logged in successfully
2020-07-26 11:48:38,490 INFO matt1003489@gmail.com failed to log in
2020-07-26 11:48:42,197 INFO matt1003489@gmail.com failed to log in
2020-07-26 11:51:03,200 INFO matt1003489@gmail.com failed to log in
2020-07-26 11:51:07,364 INFO matt1003489@gmail.com failed to log in
2020-07-26 11:51:10,329 INFO matt1003489@gmail.com failed to log in
2020-07-26 11:51:28,106 INFO matt1003489@gmail.com failed to log in
2020-07-26 11:52:07,391 INFO matt1003489@gmail.com failed to log in
2020-07-26 11:53:15,390 INFO matt1003489@gmail.com failed to log in
2020-07-26 11:53:18,532 INFO matt1003489@gmail.com failed to log in
2020-07-26 11:53:21,464 INFO matt1003489@gmail.com failed to log in
2020-07-26 11:53:24,244 INFO matt1003489@gmail.com failed to log in
2020-07-26 11:53:28,934 INFO matt1003489@gmail.com failed to log in
2020-07-26 11:54:38,834 INFO matt1003489@gmail.com failed to log in
2020-07-26 11:54:42,151 INFO matt1003489@gmail.com failed to log in
2020-07-26 11:54:45,028 INFO matt1003489@gmail.com failed to log in
2020-07-26 11:54:47,976 INFO matt1003489@gmail.com failed to log in
2020-07-26 11:54:54,892 INFO matt1003489@gmail.com failed to log in
2020-07-26 12:00:22,530 INFO matt1003489@gmail.com failed to log in
2020-07-26 12:00:41,062 INFO matt1003489@gmail.com failed to log in
2020-07-26 12:00:44,160 INFO matt1003489@gmail.com failed to log in
2020-07-26 12:00:46,973 INFO matt1003489@gmail.com failed to log in
2020-07-26 12:00:49,937 INFO matt1003489@gmail.com failed to log in
2020-07-26 12:01:17,979 INFO matt1003489@gmail.com failed to log in
2020-07-26 12:01:24,309 INFO matt1003489@gmail.com failed to log in
2020-07-26 12:01:25,527 INFO matt1003489@gmail.com failed to log in
2020-07-26 12:01:26,740 INFO matt1003489@gmail.com failed to log in
2020-07-26 12:08:36,269 INFO matt1003489@gmail.com failed to log in
2020-07-26 12:56:56,116 INFO admin@gmail.com logged in successfully
2020-07-26 13:04:36,158 INFO matt1003489@gmail.com logged in successfully
2020-07-26 13:28:21,782 INFO matt1003489@gmail.com failed to log in
2020-07-26 13:28:24,967 INFO matt1003489@gmail.com failed to log in
2020-07-26 13:28:27,956 INFO matt1003489@gmail.com failed to log in
2020-07-26 13:28:31,288 INFO matt1003489@gmail.com failed to log in
2020-07-26 13:28:34,568 INFO matt1003489@gmail.com failed to log in
2020-07-26 13:30:29,214 INFO admin@gmail.com logged in successfully
2020-07-26 13:40:06,945 INFO valcheng01@gmail.com failed to log in
2020-07-26 13:40:10,377 INFO valcheng01@gmail.com failed to log in
2020-07-26 13:40:13,922 INFO valcheng01@gmail.com failed to log in
2020-07-26 13:40:20,127 INFO valcheng01@gmail.com failed to log in
2020-07-26 13:40:25,361 INFO valcheng01@gmail.com failed to log in
2020-07-26 13:41:20,647 INFO valcheng01@gmail.com failed to log in
2020-07-26 13:41:29,708 INFO valcheng01@gmail.com failed to log in
2020-07-26 13:41:33,473 INFO valcheng01@gmail.com failed to log in
2020-07-26 13:41:36,697 INFO valcheng01@gmail.com failed to log in
2020-07-26 13:41:40,951 INFO valcheng01@gmail.com failed to log in
2020-07-26 13:51:14,563 INFO matt1003489@gmail.com failed to log in
2020-07-26 13:52:48,821 INFO valcheng01@gmail.com failed to log in
2020-07-26 13:53:33,166 INFO matt1003489@gmail.com failed to log in
2020-07-26 13:53:36,481 INFO matt1003489@gmail.com failed to log in
2020-07-26 13:53:38,268 INFO matt1003489@gmail.com failed to log in
2020-07-26 13:53:39,674 INFO matt1003489@gmail.com failed to log in
2020-07-26 13:54:48,435 INFO matt1003489@gmail.com failed to log in
2020-07-26 13:55:49,389 INFO matt1003489@gmail.com failed to log in
2020-07-26 13:55:54,380 INFO matt1003489@gmail.com failed to log in
2020-07-26 13:55:57,191 INFO matt1003489@gmail.com failed to log in
2020-07-26 13:56:00,996 INFO matt1003489@gmail.com failed to log in
2020-07-26 13:57:34,044 INFO matt1003489@gmail.com failed to log in
2020-07-26 13:57:48,693 INFO matt1003489@gmail.com failed to log in
2020-07-26 13:57:50,574 INFO matt1003489@gmail.com failed to log in
2020-07-26 14:05:15,928 INFO matt1003489@gmail.com logged in successfully
2020-07-26 20:02:41,441 INFO admin@gmail.com logged in successfully
2020-07-26 20:17:47,005 INFO matt1003489@gmail.com logged in successfully
2020-07-26 20:27:03,268 INFO matt1003489@gmail.com failed to log in
2020-07-26 20:27:11,012 INFO matt1003489@gmail.com failed to log in
2020-07-26 20:27:19,898 INFO matt1003489@gmail.com logged in successfully
2020-07-26 20:40:49,168 INFO admin@gmail.com logged in successfully
2020-07-26 21:29:17,641 INFO matt1003489@gmail.com logged in successfully
2020-07-26 22:07:10,975 INFO matt1003489@gmail.com logged in successfully
2020-07-28 18:31:27,454 INFO dazedmartian@gmail.com failed to log in
2020-07-28 18:31:45,560 INFO dazedmartian@gmail.com failed to log in
2020-07-28 18:32:03,136 INFO dazedmartian@gmail.com failed to log in
2020-07-28 18:32:20,831 INFO dazedmartian@gmail.com logged in successfully
2020-07-28 18:50:41,750 INFO valcheng7@gmail.com logged in successfully
2020-07-28 20:52:06,820 INFO matt1003489@gmail.com logged in successfully
2020-07-28 21:40:18,161 INFO matt1003489@gmail.com logged in successfully
2020-07-28 22:46:33,313 INFO matt1003489@gmail.com failed to log in
2020-07-28 22:46:39,404 INFO matt1003489@gmail.com failed to log in
2020-07-28 22:47:00,784 INFO matt1003489@gmail.com logged in successfully
2020-07-29 14:24:54,983 INFO matt1003489@gmail.com failed to log in
2020-07-29 14:25:00,202 INFO matt1003489@gmail.com logged in successfully
2020-07-29 15:12:03,863 INFO matt1003489@gmail.com failed to log in
2020-07-29 15:12:10,583 INFO matt1003489@gmail.com failed to log in
2020-07-29 15:12:13,569 INFO matt1003489@gmail.com failed to log in
2020-07-29 15:12:17,079 INFO matt1003489@gmail.com failed to log in
2020-07-29 15:12:21,077 INFO matt1003489@gmail.com failed to log in
2020-07-29 15:13:39,063 INFO matt1003489@gmail.com failed to log in
2020-07-29 15:15:54,123 INFO admin@gmail.com logged in successfully
2020-07-29 15:28:29,586 INFO matt1003489@gmail.com failed to log in
2020-07-29 15:28:58,724 INFO matt1003489@gmail.com failed to log in
2020-07-29 15:29:01,602 INFO matt1003489@gmail.com failed to log in
2020-07-29 15:29:04,013 INFO matt1003489@gmail.com failed to log in
2020-07-29 15:29:06,574 INFO matt1003489@gmail.com failed to log in
2020-08-13 10:51:34,687 INFO matt1003489@gmail.com failed to log in
2020-08-13 10:52:46,845 INFO matt1003489@gmail.com failed to log in
2020-08-13 10:53:02,444 INFO matt1003489@gmail.com failed to log in
2020-08-13 13:34:05,993 INFO matt1003489@gmail.com failed to log in
2020-08-13 13:34:12,365 INFO matt1003489@gmail.com failed to log in
2020-08-13 13:34:17,577 INFO matt1003489@gmail.com failed to log in
2020-08-13 13:35:23,459 INFO matt1003489@gmail.com failed to log in
2020-08-13 13:36:01,948 INFO matt1003489@gmail.com failed to log in
2020-08-13 13:36:07,816 INFO matt1003489@gmail.com failed to log in
2020-08-13 13:36:12,157 INFO matt1003489@gmail.com failed to log in
2020-08-13 13:36:17,021 INFO matt1003489@gmail.com failed to log in
2020-08-13 13:37:56,937 INFO matt1003489@gmail.com failed to log in
2020-08-13 13:38:05,389 INFO matt1003489@gmail.com failed to log in
2020-08-13 13:38:09,105 INFO matt1003489@gmail.com failed to log in
2020-08-13 13:38:12,297 INFO matt1003489@gmail.com failed to log in
2020-08-13 13:38:20,405 INFO matt1003489@gmail.com failed to log in
2020-08-13 13:42:55,423 INFO matt1003489@gmail.com failed to log in
2020-08-13 13:42:59,759 INFO matt1003489@gmail.com failed to log in
2020-08-13 13:43:02,715 INFO matt1003489@gmail.com failed to log in
2020-08-13 13:43:11,527 INFO matt1003489@gmail.com failed to log in
2020-08-13 13:43:18,543 INFO matt1003489@gmail.com failed to log in
2020-08-13 13:59:33,180 INFO matt1003489@gmail.com failed to log in
2020-08-13 13:59:35,880 INFO matt1003489@gmail.com failed to log in
2020-08-13 13:59:37,876 INFO matt1003489@gmail.com failed to log in
2020-08-13 13:59:39,840 INFO matt1003489@gmail.com failed to log in
2020-08-13 13:59:47,006 INFO matt1003489@gmail.com failed to log in
2020-08-13 14:21:32,429 INFO matt1003489@gmail.com failed to log in
2020-08-13 14:21:35,075 INFO matt1003489@gmail.com failed to log in
2020-08-13 14:21:36,930 INFO matt1003489@gmail.com failed to log in
2020-08-13 14:21:40,613 INFO matt1003489@gmail.com failed to log in
2020-08-13 14:21:45,109 INFO matt1003489@gmail.com failed to log in
2020-08-13 14:22:33,234 INFO matt1003489@gmail.com failed to log in
2020-08-13 14:23:53,857 INFO matt1003489@gmail.com failed to log in
2020-08-13 14:23:55,021 INFO matt1003489@gmail.com failed to log in
2020-08-13 14:24:02,540 INFO matt1003489@gmail.com failed to log in
2020-08-13 14:24:05,185 INFO matt1003489@gmail.com failed to log in
2020-08-13 14:24:08,320 INFO matt1003489@gmail.com failed to log in
2020-08-13 14:25:37,844 INFO matt1003489@gmail.com failed to log in
2020-08-13 14:25:40,528 INFO matt1003489@gmail.com failed to log in
2020-08-13 14:35:50,047 INFO matt1003489@gmail.com failed to log in
2020-08-13 14:35:50,835 INFO matt1003489@gmail.com failed to log in
2020-08-13 14:35:52,210 INFO matt1003489@gmail.com failed to log in
2020-08-13 14:40:37,953 INFO matt1003489@gmail.com failed to log in
2020-08-13 14:40:39,351 INFO matt1003489@gmail.com failed to log in
2020-08-13 14:40:40,090 INFO matt1003489@gmail.com failed to log in
2020-08-13 14:40:40,791 INFO matt1003489@gmail.com failed to log in
2020-08-13 14:40:41,698 INFO matt1003489@gmail.com failed to log in
2020-08-13 14:40:56,677 INFO matt1003489@gmail.com failed to log in
2020-08-13 14:42:18,500 INFO matt1003489@gmail.com failed to log in
2020-08-13 14:42:20,117 INFO matt1003489@gmail.com failed to log in
2020-08-13 14:42:20,812 INFO matt1003489@gmail.com failed to log in
2020-08-13 14:42:21,473 INFO matt1003489@gmail.com failed to log in
2020-08-13 14:42:22,785 INFO matt1003489@gmail.com failed to log in
2020-08-13 14:42:48,862 INFO matt1003489@gmail.com failed to log in
2020-08-13 14:42:51,210 INFO matt1003489@gmail.com failed to log in
2020-08-13 14:42:51,623 INFO matt1003489@gmail.com failed to log in
2020-08-13 14:42:53,022 INFO matt1003489@gmail.com failed to log in
2020-08-13 14:43:01,706 INFO matt1003489@gmail.com failed to log in
2020-08-13 20:27:14,917 INFO matt1003489@gmail.com failed to log in
2020-08-13 20:28:43,620 INFO ben@gmail.com logged in successfully
2020-08-14 20:23:16,574 INFO ben@gmail.com logged in successfully
2020-08-15 10:56:38,946 INFO admin@gmail.com logged in successfully
2020-08-15 11:00:37,791 INFO ben@gmail.com logged in successfully
2020-08-15 11:26:55,120 INFO ben@gmail.com failed to log in
2020-08-15 11:27:01,682 INFO ben@gmail.com logged in successfully
2020-08-15 11:37:56,398 INFO matt1003489@gmail.com logged in successfully
2020-08-15 13:06:06,395 INFO matt1003489@gmail.com logged in successfully
2020-08-15 13:17:04,244 INFO matt1003489@gmail.com logged in successfully
2020-08-15 15:21:53,518 INFO valcheng01@gmail.com logged in successfully
2020-08-15 16:29:42,760 INFO matt1003489@gmail.com logged in successfully
2020-08-15 17:18:24,455 INFO matt1003489@gmail.com logged in successfully
2020-08-15 18:07:01,173 INFO matt1003489@gmail.com logged in successfully
2020-08-15 23:18:46,288 INFO matt1003489@gmail.com logged in successfully
2020-08-16 15:54:07,805 INFO matt1003489@gmail.com failed to log in
2020-08-16 15:54:10,815 INFO matt1003489@gmail.com failed to log in
2020-08-16 15:54:12,128 INFO matt1003489@gmail.com failed to log in
2020-08-16 15:54:12,511 INFO matt1003489@gmail.com failed to log in
2020-08-16 15:54:13,188 INFO matt1003489@gmail.com failed to log in
2020-08-16 15:55:13,386 INFO matt1003489@gmail.com failed to log in
2020-08-16 21:22:11,781 INFO matt1003489@gmail.com failed to log in
2020-08-16 21:22:14,884 INFO matt1003489@gmail.com failed to log in
2020-08-16 21:22:16,336 INFO matt1003489@gmail.com failed to log in
2020-08-16 21:22:16,730 INFO matt1003489@gmail.com failed to log in
2020-08-16 21:22:17,737 INFO matt1003489@gmail.com failed to log in
2020-08-16 21:23:46,255 INFO matt1003489@gmail.com failed to log in
2020-08-16 21:23:51,351 INFO matt1003489@gmail.com failed to log in
2020-08-16 21:23:51,925 INFO matt1003489@gmail.com failed to log in
2020-08-16 21:23:52,359 INFO matt1003489@gmail.com failed to log in
2020-08-16 21:23:52,811 INFO matt1003489@gmail.com failed to log in
2020-08-16 21:23:53,326 INFO matt1003489@gmail.com failed to log in
2020-08-16 21:23:53,700 INFO matt1003489@gmail.com failed to log in
2020-08-16 21:23:54,211 INFO matt1003489@gmail.com failed to log in
2020-08-16 21:24:21,817 INFO matt1003489@gmail.com failed to log in
2020-08-16 21:24:22,921 INFO matt1003489@gmail.com failed to log in
2020-08-16 21:24:23,548 INFO matt1003489@gmail.com failed to log in
2020-08-16 21:24:24,081 INFO matt1003489@gmail.com failed to log in
2020-08-16 21:24:24,691 INFO matt1003489@gmail.com failed to log in
2020-08-16 21:24:26,154 INFO matt1003489@gmail.com failed to log in
2020-08-16 21:25:28,013 INFO matt1003489@gmail.com failed to log in
2020-08-16 21:27:23,060 INFO matt1003489@gmail.com failed to log in
2020-08-16 21:27:25,027 INFO matt1003489@gmail.com failed to log in
2020-08-16 21:27:34,879 INFO matt1003489@gmail.com failed to log in
2020-08-16 21:27:36,134 INFO matt1003489@gmail.com failed to log in
2020-08-16 21:37:59,177 INFO matt1003489@gmail.com failed to log in
2020-08-16 21:38:01,797 INFO matt1003489@gmail.com failed to log in
2020-08-16 21:38:03,257 INFO matt1003489@gmail.com failed to log in
2020-08-16 21:38:04,092 INFO matt1003489@gmail.com failed to log in
2020-08-16 21:38:04,890 INFO matt1003489@gmail.com failed to log in
2020-08-16 21:39:04,615 INFO matt1003489@gmail.com failed to log in
2020-08-16 21:39:05,124 INFO matt1003489@gmail.com failed to log in
2020-08-16 21:39:05,981 INFO matt1003489@gmail.com failed to log in
2020-08-16 21:39:07,157 INFO matt1003489@gmail.com failed to log in
2020-08-16 21:39:07,634 INFO matt1003489@gmail.com failed to log in
2020-08-16 21:40:07,710 INFO matt1003489@gmail.com failed to log in
2020-08-16 21:40:08,549 INFO matt1003489@gmail.com failed to log in
2020-08-16 21:40:09,124 INFO matt1003489@gmail.com failed to log in
2020-08-16 21:40:09,742 INFO matt1003489@gmail.com failed to log in
2020-08-16 21:40:10,889 INFO matt1003489@gmail.com failed to log in
2020-08-16 21:40:26,783 INFO matt1003489@gmail.com failed to log in
2020-08-16 21:40:27,491 INFO matt1003489@gmail.com failed to log in
2020-08-16 21:40:27,954 INFO matt1003489@gmail.com failed to log in
2020-08-16 21:40:28,402 INFO matt1003489@gmail.com failed to log in
2020-08-16 21:40:28,768 INFO matt1003489@gmail.com failed to log in
2020-08-16 21:41:28,604 INFO matt1003489@gmail.com failed to log in
2020-08-16 21:41:29,661 INFO matt1003489@gmail.com failed to log in
2020-08-16 21:43:56,599 INFO matt1003489@gmail.com failed to log in
2020-08-16 21:43:59,864 INFO matt1003489@gmail.com failed to log in
2020-08-16 21:44:01,912 INFO matt1003489@gmail.com failed to log in
2020-08-16 21:45:10,248 INFO matt1003489@gmail.com failed to log in
2020-08-16 21:45:11,150 INFO matt1003489@gmail.com failed to log in
2020-08-16 21:47:37,922 INFO matt1003489@gmail.com failed to log in
2020-08-16 21:47:38,929 INFO matt1003489@gmail.com failed to log in
2020-08-16 21:47:51,028 INFO matt1003489@gmail.com failed to log in
2020-08-16 21:47:57,197 INFO matt1003489@gmail.com failed to log in
2020-08-16 21:48:01,332 INFO matt1003489@gmail.com failed to log in
2020-08-16 21:50:17,276 INFO matt1003489@gmail.com failed to log in
2020-08-16 21:50:22,106 INFO matt1003489@gmail.com failed to log in
2020-08-16 21:50:25,648 INFO matt1003489@gmail.com failed to log in
2020-08-16 21:50:29,329 INFO matt1003489@gmail.com failed to log in
2020-08-16 21:50:42,916 INFO matt1003489@gmail.com failed to log in
2020-08-16 22:44:39,097 INFO matt1003489@gmail.com logged in successfully
2020-08-16 23:20:30,983 INFO matt1003489@gmail.com logged in successfully
2020-08-16 23:59:21,406 INFO matt1003489@gmail.com failed to log in
2020-08-16 23:59:25,038 INFO matt1003489@gmail.com failed to log in
2020-08-16 23:59:29,659 INFO matt1003489@gmail.com failed to log in
2020-08-16 23:59:32,934 INFO matt1003489@gmail.com failed to log in
2020-08-16 23:59:35,735 INFO matt1003489@gmail.com failed to log in
2020-08-17 00:15:49,370 INFO matt1003489@gmail.com failed to log in
2020-08-17 00:15:51,080 INFO matt1003489@gmail.com failed to log in
2020-08-17 00:15:51,897 INFO matt1003489@gmail.com failed to log in
2020-08-17 00:15:52,287 INFO matt1003489@gmail.com failed to log in
2020-08-17 00:15:52,639 INFO matt1003489@gmail.com failed to log in
2020-08-17 00:22:24,536 INFO matt1003489@gmail.com failed to log in
2020-08-17 00:22:26,734 INFO matt1003489@gmail.com failed to log in
2020-08-17 00:22:27,209 INFO matt1003489@gmail.com failed to log in
2020-08-17 00:22:28,579 INFO matt1003489@gmail.com failed to log in
2020-08-17 00:22:29,319 INFO matt1003489@gmail.com failed to log in
2020-08-17 00:23:44,284 INFO matt1003489@gmail.com failed to log in
2020-08-17 00:23:48,792 INFO matt1003489@gmail.com failed to log in
2020-08-17 00:23:51,117 INFO matt1003489@gmail.com failed to log in
2020-08-17 00:23:52,025 INFO matt1003489@gmail.com failed to log in
2020-08-17 00:23:57,316 INFO matt1003489@gmail.com failed to log in
2020-08-17 00:24:56,663 INFO matt1003489@gmail.com failed to log in
2020-08-17 00:28:20,787 INFO matt1003489@gmail.com failed to log in
2020-08-17 00:28:21,478 INFO matt1003489@gmail.com failed to log in
2020-08-17 00:28:21,919 INFO matt1003489@gmail.com failed to log in
2020-08-17 00:28:22,915 INFO matt1003489@gmail.com failed to log in
2020-08-17 00:28:23,702 INFO matt1003489@gmail.com failed to log in
2020-08-17 00:29:06,932 INFO matt1003489@gmail.com failed to log in
2020-08-17 00:29:19,185 INFO matt1003489@gmail.com failed to log in
2020-08-17 00:29:48,037 INFO matt1003489@gmail.com failed to log in
2020-08-17 00:29:52,685 INFO matt1003489@gmail.com failed to log in
2020-08-17 00:29:55,539 INFO matt1003489@gmail.com failed to log in
2020-08-17 00:29:57,406 INFO matt1003489@gmail.com failed to log in
2020-08-17 00:29:58,129 INFO matt1003489@gmail.com failed to log in
2020-08-17 00:31:23,314 INFO matt1003489@gmail.com failed to log in
2020-08-17 00:31:24,538 INFO matt1003489@gmail.com failed to log in
2020-08-17 00:31:25,154 INFO matt1003489@gmail.com failed to log in
2020-08-17 00:31:25,672 INFO matt1003489@gmail.com failed to log in
2020-08-17 00:31:26,362 INFO matt1003489@gmail.com failed to log in
2020-08-17 00:32:32,601 INFO matt1003489@gmail.com failed to log in
2020-08-17 00:32:42,507 INFO matt1003489@gmail.com failed to log in
2020-08-17 00:32:43,876 INFO matt1003489@gmail.com failed to log in
2020-08-17 00:32:44,678 INFO matt1003489@gmail.com failed to log in
2020-08-17 00:32:45,501 INFO matt1003489@gmail.com failed to log in
2020-08-17 00:41:22,615 INFO matt1003489@gmail.com failed to log in
2020-08-17 00:45:06,100 INFO matt1003489@gmail.com logged in successfully
2020-08-17 00:47:24,005 INFO matt1003489@gmail.com logged in successfully
2020-08-17 19:47:32,330 INFO matt1003489@gmail.com failed to log in
2020-08-17 19:47:34,016 INFO matt1003489@gmail.com failed to log in
2020-08-17 19:47:34,715 INFO matt1003489@gmail.com failed to log in
2020-08-17 19:47:35,359 INFO matt1003489@gmail.com failed to log in
2020-08-17 19:47:36,066 INFO matt1003489@gmail.com failed to log in
2020-08-17 20:29:45,243 INFO matt1003489@gmail.com failed to log in
2020-08-17 20:29:46,563 INFO matt1003489@gmail.com failed to log in
2020-08-17 20:29:47,106 INFO matt1003489@gmail.com failed to log in
2020-08-17 20:29:47,911 INFO matt1003489@gmail.com failed to log in
2020-08-17 20:29:48,642 INFO matt1003489@gmail.com failed to log in
2020-08-17 20:29:49,346 INFO matt1003489@gmail.com failed to log in
2020-08-17 20:33:47,474 INFO matt1003489@gmail.com logged in successfully
2020-08-17 21:04:48,594 INFO matt1003489@gmail.com logged in successfully
2020-08-17 21:11:59,021 INFO admin@gmail.com logged in successfully
2020-08-17 21:21:10,029 INFO matt1003489@gmail.com logged in successfully
2020-08-17 21:24:23,159 INFO admin@gmail.com failed to log in
2020-08-17 21:24:28,038 INFO admin@gmail.com logged in successfully
2020-08-17 21:41:21,100 INFO dazedmartian@gmail.com failed to log in
2020-08-17 21:41:56,913 INFO dazedmartian@gmail.com logged in successfully
2020-08-17 21:51:42,661 INFO matt1003489@gmail.com logged in successfully
2020-08-17 22:20:36,317 INFO matt1003489@gmail.com logged in successfully
2020-08-17 23:02:29,900 INFO matt1003489@gmail.com failed to log in
2020-08-17 23:02:35,169 INFO matt1003489@gmail.com failed to log in
2020-08-17 23:02:45,667 INFO matt1003489@gmail.com failed to log in
2020-08-17 23:03:15,088 INFO matt1003489@gmail.com failed to log in
2020-08-17 23:03:58,141 INFO matt1003489@gmail.com logged in successfully
2020-08-17 23:09:36,428 INFO dazedmartian@gmail.com logged in successfully
2020-08-17 23:09:36,430 INFO dazedmartian@gmail.com logged in successfully
2020-08-17 23:11:06,140 INFO dazedmartian@gmail.com failed to log in
2020-08-17 23:11:15,280 INFO dazedmartian@gmail.com failed to log in
2020-08-17 23:11:19,915 INFO dazedmartian@gmail.com failed to log in
2020-08-17 23:11:24,227 INFO dazedmartian@gmail.com failed to log in
2020-08-17 23:11:29,322 INFO dazedmartian@gmail.com failed to log in
2020-08-17 23:14:06,281 INFO dazedmartian@gmail.com failed to log in
2020-08-17 23:14:16,291 INFO dazedmartian@gmail.com logged in successfully
2020-08-17 23:14:26,684 INFO dazedmartian@gmail.com failed to log in
2020-08-17 23:14:41,980 INFO dazedmartian@gmail.com logged in successfully
2020-08-17 23:17:42,592 INFO dazedmartian@gmail.com logged in successfully
2020-08-17 23:26:25,745 INFO matt1003489@gmail.com failed to log in
2020-08-17 23:26:32,513 INFO matt1003489@gmail.com logged in successfully
2020-08-17 23:31:36,962 INFO dazedmartian@gmail.com logged in successfully
2020-08-17 23:52:27,286 INFO matt1003489@gmail.com failed to log in
2020-08-17 23:52:28,736 INFO matt1003489@gmail.com failed to log in
2020-08-17 23:52:29,424 INFO matt1003489@gmail.com failed to log in
2020-08-17 23:52:30,068 INFO matt1003489@gmail.com failed to log in
2020-08-17 23:52:31,121 INFO matt1003489@gmail.com failed to log in
2020-08-17 23:52:32,044 INFO matt1003489@gmail.com failed to log in
2020-08-17 23:52:33,015 INFO matt1003489@gmail.com failed to log in
2020-08-17 23:53:35,667 INFO matt1003489@gmail.com failed to log in
2020-08-17 23:53:37,089 INFO matt1003489@gmail.com failed to log in
2020-08-17 23:53:37,797 INFO matt1003489@gmail.com failed to log in
2020-08-17 23:53:38,519 INFO matt1003489@gmail.com failed to log in
2020-08-17 23:53:39,421 INFO matt1003489@gmail.com failed to log in
2020-08-18 11:02:22,050 INFO admin@gmail.com logged in successfully
2020-08-18 11:03:23,869 INFO admin@gmail.com logged in successfully
2020-08-18 11:40:43,363 INFO admin@gmail.com logged in successfully
2020-08-18 11:50:03,338 INFO matt1003489@gmail.com failed to log in
2020-08-18 11:50:13,627 INFO matt1003489@gmail.com logged in successfully
2020-08-18 12:22:19,881 INFO matt1003489@gmail.com logged in successfully
2020-08-18 13:00:51,011 INFO admin@gmail.com logged in successfully
2020-08-18 13:03:20,250 INFO matt1003489@gmail.com failed to log in
2020-08-18 13:03:21,810 INFO matt1003489@gmail.com failed to log in
2020-08-18 13:03:24,815 INFO matt1003489@gmail.com failed to log in
2020-08-18 13:03:25,867 INFO matt1003489@gmail.com failed to log in
2020-08-18 13:03:28,465 INFO matt1003489@gmail.com failed to log in
2020-08-18 13:15:37,768 INFO matt1003489@gmail.com failed to log in
2020-08-18 13:15:38,710 INFO matt1003489@gmail.com failed to log in
2020-08-18 13:15:39,364 INFO matt1003489@gmail.com failed to log in
2020-08-18 13:15:40,059 INFO matt1003489@gmail.com failed to log in
2020-08-18 13:15:40,843 INFO matt1003489@gmail.com failed to log in
2020-08-18 13:19:01,645 INFO matt1003489@gmail.com logged in successfully
2020-08-18 20:05:27,494 INFO matt1003489@gmail.com failed to log in
2020-08-18 20:05:32,812 INFO matt1003489@gmail.com logged in successfully
2020-08-18 20:16:40,873 INFO matt1003489@gmail.com failed to log in
2020-08-18 20:16:49,959 INFO matt1003489@gmail.com logged in successfully
2020-08-18 20:18:09,765 INFO admin@gmail.com logged in successfully
2020-08-18 20:30:33,430 INFO matt1003489@gmail.com failed to log in
2020-08-18 20:30:36,526 INFO matt1003489@gmail.com failed to log in
2020-08-18 20:30:39,583 INFO matt1003489@gmail.com failed to log in
2020-08-18 20:30:42,869 INFO matt1003489@gmail.com failed to log in
2020-08-18 20:30:46,131 INFO matt1003489@gmail.com failed to log in
2020-08-18 20:31:26,297 INFO admin@gmail.com logged in successfully
2020-08-18 20:32:56,197 INFO matt1003489@gmail.com failed to log in
2020-08-18 20:32:59,254 INFO matt1003489@gmail.com failed to log in
2020-08-18 20:33:02,262 INFO matt1003489@gmail.com failed to log in
2020-08-18 20:33:05,166 INFO matt1003489@gmail.com failed to log in
2020-08-18 20:33:08,293 INFO matt1003489@gmail.com failed to log in
2020-08-18 20:33:27,097 INFO admin@gmail.com logged in successfully
2020-08-18 20:51:11,272 INFO matt1003489@gmail.com logged in successfully
2020-08-18 20:51:28,579 INFO admin@gmail.com logged in successfully
2020-08-18 20:59:36,211 INFO matt1003489@gmail.com failed to log in
2020-08-18 20:59:39,648 INFO matt1003489@gmail.com failed to log in
2020-08-18 20:59:43,324 INFO matt1003489@gmail.com failed to log in
2020-08-18 20:59:46,231 INFO matt1003489@gmail.com failed to log in
2020-08-18 20:59:49,940 INFO matt1003489@gmail.com failed to log in
2020-08-18 21:04:29,845 INFO matt1003489@gmail.com failed to log in
2020-08-18 21:04:30,818 INFO matt1003489@gmail.com failed to log in
2020-08-18 21:04:31,590 INFO matt1003489@gmail.com failed to log in
2020-08-18 21:04:32,414 INFO matt1003489@gmail.com failed to log in
2020-08-18 21:04:34,465 INFO matt1003489@gmail.com failed to log in
2020-08-18 21:06:41,450 INFO matt1003489@gmail.com failed to log in
2020-08-18 21:06:43,081 INFO matt1003489@gmail.com failed to log in
2020-08-18 21:06:43,595 INFO matt1003489@gmail.com failed to log in
2020-08-18 21:06:44,165 INFO matt1003489@gmail.com failed to log in
2020-08-18 21:06:44,766 INFO matt1003489@gmail.com failed to log in
2020-08-18 21:10:40,080 INFO matt1003489@gmail.com failed to log in
2020-08-18 21:10:43,004 INFO matt1003489@gmail.com failed to log in
2020-08-18 21:10:43,725 INFO matt1003489@gmail.com failed to log in
2020-08-18 21:10:45,196 INFO matt1003489@gmail.com failed to log in
2020-08-18 21:10:46,071 INFO matt1003489@gmail.com failed to log in
2020-08-18 21:22:12,140 INFO matt1003489@gmail.com failed to log in
2020-08-18 21:22:13,108 INFO matt1003489@gmail.com failed to log in
2020-08-18 21:22:13,651 INFO matt1003489@gmail.com failed to log in
2020-08-18 21:22:14,293 INFO matt1003489@gmail.com failed to log in
2020-08-18 21:22:14,896 INFO matt1003489@gmail.com failed to log in
2020-08-18 21:23:24,168 INFO matt1003489@gmail.com failed to log in
2020-08-18 21:23:25,830 INFO matt1003489@gmail.com failed to log in
2020-08-18 21:23:26,471 INFO matt1003489@gmail.com failed to log in
2020-08-18 21:23:27,049 INFO matt1003489@gmail.com failed to log in
2020-08-18 21:23:27,965 INFO matt1003489@gmail.com failed to log in
2020-08-18 21:24:19,546 INFO matt1003489@gmail.com failed to log in
2020-08-18 21:24:20,904 INFO matt1003489@gmail.com failed to log in
2020-08-18 21:24:21,711 INFO matt1003489@gmail.com failed to log in
2020-08-18 21:24:22,415 INFO matt1003489@gmail.com failed to log in
2020-08-18 21:24:23,339 INFO matt1003489@gmail.com failed to log in
2020-08-19 00:18:21,326 INFO admin@gmail.com logged in successfully
2020-08-19 10:34:28,843 INFO matt1003489@gmail.com logged in successfully
2020-08-19 10:46:21,010 INFO admin@gmail.com logged in successfully
2020-08-19 11:22:10,452 INFO matt1003489@gmail.com logged in successfully
2020-08-19 15:17:54,695 INFO jarenlim100@gmail.com failed to log in
2020-08-19 15:18:06,455 INFO jarenlim100@gmail.com logged in successfully
2020-08-19 16:18:32,167 INFO matt1003489@gmail.com failed to log in
2020-08-19 16:18:37,938 INFO matt1003489@gmail.com failed to log in
2020-08-19 16:18:55,668 INFO matt1003489@gmail.com failed to log in
2020-08-19 16:19:01,615 INFO matt1003489@gmail.com logged in successfully
2020-08-19 16:22:08,081 INFO matt1003489@gmail.com logged in successfully
2020-08-19 16:38:19,452 INFO matt1003489@gmail.com failed to log in
2020-08-19 16:38:24,339 INFO matt1003489@gmail.com logged in successfully
2020-08-19 16:39:43,392 INFO jarenlim100@gmail.com logged in successfully
2020-08-19 16:48:48,778 INFO matt1003489@gmail.com logged in successfully
2020-08-19 17:04:29,179 INFO matt1003489@gmail.com logged in successfully
2020-08-20 22:16:00,898 INFO matt1003489@gmail.com failed to log in
2020-08-20 22:16:03,923 INFO matt1003489@gmail.com failed to log in
2020-08-20 22:16:04,617 INFO matt1003489@gmail.com failed to log in
2020-08-20 22:16:05,249 INFO matt1003489@gmail.com failed to log in
2020-08-20 22:16:05,917 INFO matt1003489@gmail.com failed to log in
2020-08-20 22:16:33,228 INFO matt1003489@gmail.com failed to log in
2020-08-20 22:16:34,322 INFO matt1003489@gmail.com failed to log in
2020-08-20 22:16:35,149 INFO matt1003489@gmail.com failed to log in
2020-08-20 22:16:36,129 INFO matt1003489@gmail.com failed to log in
2020-08-20 22:16:36,922 INFO matt1003489@gmail.com failed to log in
2020-08-20 22:19:27,320 INFO matt1003489@gmail.com failed to log in
2020-08-20 22:19:27,320 INFO matt1003489@gmail.com failed to log in
2020-08-20 22:19:27,320 INFO matt1003489@gmail.com failed to log in
2020-08-20 22:19:30,959 INFO matt1003489@gmail.com failed to log in
2020-08-20 22:19:30,959 INFO matt1003489@gmail.com failed to log in
2020-08-20 22:19:30,959 INFO matt1003489@gmail.com failed to log in
2020-08-20 22:19:31,734 INFO matt1003489@gmail.com failed to log in
2020-08-20 22:19:31,734 INFO matt1003489@gmail.com failed to log in
2020-08-20 22:19:31,734 INFO matt1003489@gmail.com failed to log in
2020-08-20 22:19:32,532 INFO matt1003489@gmail.com failed to log in
2020-08-20 22:19:32,532 INFO matt1003489@gmail.com failed to log in
2020-08-20 22:19:32,532 INFO matt1003489@gmail.com failed to log in
2020-08-20 22:19:33,410 INFO matt1003489@gmail.com failed to log in
2020-08-20 22:19:33,410 INFO matt1003489@gmail.com failed to log in
2020-08-20 22:19:33,410 INFO matt1003489@gmail.com failed to log in
2020-08-20 22:24:04,557 INFO matt1003489@gmail.com failed to log in
2020-08-20 22:24:09,524 INFO matt1003489@gmail.com logged in successfully
2020-08-20 22:47:40,070 INFO matt1003489@gmail.com logged in successfully
2020-08-20 23:12:56,675 INFO jarenlim100@gmail.com logged in successfully
2020-08-20 23:14:33,602 INFO matt1003489@gmail.com logged in successfully
2020-08-21 11:30:02,576 INFO matt1003489@gmail.com logged in successfully
2020-08-21 13:15:43,193 INFO matt1003489@gmail.com failed to log in
2020-08-21 13:15:51,152 INFO matt1003489@gmail.com logged in successfully
2020-08-21 13:31:06,082 INFO matt1003489@gmail.com failed to log in
2020-08-21 13:31:10,647 INFO matt1003489@gmail.com failed to log in
2020-08-21 13:31:19,297 INFO matt1003489@gmail.com logged in successfully
2020-08-21 15:48:08,599 INFO jarenlim100@gmail.com logged in successfully
2020-08-21 15:48:33,009 INFO jarenlim100@gmail.com failed to log in
2020-08-21 15:48:38,243 INFO jarenlim100@gmail.com logged in successfully
2020-08-21 15:49:11,482 INFO matt1003489@gmail.com logged in successfully
2020-08-21 15:51:11,206 INFO matt1003489@gmail.com failed to log in
2020-08-21 15:51:16,316 INFO matt1003489@gmail.com logged in successfully
2020-08-21 17:42:26,518 INFO matt1003489@gmail.com failed to log in
2020-08-21 17:42:29,082 INFO matt1003489@gmail.com failed to log in
2020-08-21 17:42:29,747 INFO matt1003489@gmail.com failed to log in
2020-08-21 17:42:30,426 INFO matt1003489@gmail.com failed to log in
2020-08-21 17:42:31,142 INFO matt1003489@gmail.com failed to log in
2020-08-21 17:47:55,898 INFO matt1003489@gmail.com logged in successfully
2020-08-21 18:07:04,884 INFO matt1003489@gmail.com logged in successfully
2020-08-21 18:28:36,173 INFO admin@gmail.com logged in successfully
2020-08-21 18:42:04,776 INFO matt1003489@gmail.com logged in successfully
2020-08-21 18:47:44,906 INFO matt1003489@gmail.com failed to log in
2020-08-21 18:51:31,225 INFO matt1003489@gmail.com failed to log in
2020-08-21 18:51:33,713 INFO matt1003489@gmail.com failed to log in
2020-08-21 18:51:36,254 INFO matt1003489@gmail.com failed to log in
2020-08-21 18:51:40,989 INFO matt1003489@gmail.com failed to log in
2020-08-21 18:56:53,859 INFO matt1003489@gmail.com logged in successfully
2020-08-21 19:00:47,914 INFO jarenlim100@gmail.com logged in successfully
2020-08-21 19:02:50,522 INFO jarenlim100@gmail.com logged in successfully
2020-08-21 19:03:19,016 INFO matt1003489@gmail.com logged in successfully
2020-12-26 15:13:44,579 INFO admin@gmail.com logged in successfully
2020-12-26 15:24:00,246 INFO darren@gmail.com logged in successfully
2020-12-26 15:24:44,012 INFO darren@gmail.com logged in successfully
2020-12-26 15:24:59,800 INFO admin@gmail.com logged in successfully
2020-12-26 15:27:49,399 INFO darren@gmail.com logged in successfully
