2020-12-31 00:48:40,905 INFO MarcusWang@gmail.com logged in successfully
2020-12-31 01:15:14,795 INFO MarcusWang@gmail.com logged in successfully
2020-12-31 01:16:34,504 INFO MarcusWang@gmail.com logged in successfully
2020-12-31 01:23:07,648 INFO MarcusWang@gmail.com logged in successfully
2020-12-31 01:26:25,556 INFO MarcusWang@gmail.com logged in successfully
2020-12-31 01:28:29,198 INFO MarcusWang@gmail.com logged in successfully
2020-12-31 01:28:53,998 INFO MarcusWang@gmail.com logged in successfully
2020-12-31 11:54:32,666 INFO valcheng7@gmail.com logged in successfully
2020-12-31 12:26:01,135 INFO valcheng7@gmail.com logged in successfully
2020-12-31 12:43:52,150 INFO valcheng7@gmail.com logged in successfully
2020-12-31 15:21:57,781 INFO MarcusWang@gmail.com logged in successfully
2020-12-31 15:47:29,869 INFO MarcusWang@gmail.com logged in successfully
2020-12-31 16:21:58,399 INFO MarcusWang@gmail.com logged in successfully
2020-12-31 16:22:51,396 INFO MarcusWang@gmail.com failed to log in
2020-12-31 16:23:52,391 INFO MarcusWang@gmail.com logged in successfully
2020-12-31 16:34:42,354 INFO darren@gmail.com logged in successfully
2020-12-31 17:04:46,424 INFO darren@gmail.com logged in successfully
2020-12-31 17:31:08,011 INFO darren@gmail.com logged in successfully
2020-12-31 17:38:15,696 INFO darren@gmail.com logged in successfully
2020-12-31 18:48:18,122 INFO darren@gmail.com logged in successfully
2020-12-31 21:22:31,183 INFO darren@gmail.com logged in successfully
2020-12-31 21:29:28,007 INFO MarcusWang@gmail.com failed to log in
2020-12-31 21:29:31,952 INFO MarcusWang@gmail.com logged in successfully
2020-12-31 22:40:01,519 INFO valcheng7@gmail.com logged in successfully
2020-12-31 23:26:29,595 INFO MarcusWang@gmail.com logged in successfully
2020-12-31 23:47:18,463 INFO MarcusWang@gmail.com logged in successfully
2021-01-01 00:40:14,250 INFO MarcusWang@gmail.com logged in successfully
2021-01-01 15:29:55,058 INFO MarcusWang@gmail.com logged in successfully
2021-01-01 15:59:36,716 INFO MarcusWang@gmail.com logged in successfully
2021-01-01 17:21:58,446 INFO MarcusWang@gmail.com logged in successfully
2021-01-01 18:38:09,000 INFO valcheng01@gmail.com logged in successfully
2021-01-01 18:58:32,273 INFO MarcusWang@gmail.com logged in successfully
2021-01-01 21:00:50,528 INFO MarcusWang@gmail.com logged in successfully
2021-01-01 21:48:58,376 INFO MarcusWang@gmail.com logged in successfully
2021-01-01 22:21:47,053 INFO MarcusWang@gmail.com logged in successfully
2021-01-01 22:47:44,597 INFO MarcusWang@gmail.com logged in successfully
2021-01-01 23:17:00,319 INFO MarcusWang@gmail.com logged in successfully
2021-01-02 00:14:33,647 INFO MarcusWang@gmail.com logged in successfully
2021-01-02 00:15:21,350 INFO MarcusWang@gmail.com logged in successfully
2021-01-02 11:49:28,453 INFO darren@gmail.com logged in successfully
2021-01-02 15:40:22,096 INFO jarenlim100@gmail.com logged in successfully
2021-01-02 15:47:21,290 INFO valcheng01@gmail.com logged in successfully
2021-01-02 15:56:20,117 INFO jarenlim100@gmail.com logged in successfully
2021-01-02 16:00:47,812 INFO jarenlim100@gmail.com failed to log in
2021-01-02 16:00:51,316 INFO jarenlim100@gmail.com failed to log in
2021-01-02 16:01:03,358 INFO jarenlim100@gmail.com failed to log in
2021-01-02 16:03:25,248 INFO jarenlim100@gmail.com logged in successfully
2021-01-02 16:04:26,243 INFO jarenlim100@gmail.com logged in successfully
2021-01-02 16:05:18,249 INFO jarenlim100@gmail.com logged in successfully
2021-01-02 16:45:35,854 INFO jarenlim100@gmail.com logged in successfully
2021-01-02 17:32:31,338 INFO jarenlim100@gmail.com logged in successfully
2020-12-02 17:48:55,471 INFO jarenlim100@gmail.com logged in successfully
2021-01-02 17:52:10,607 INFO jarenlim100@gmail.com logged in successfully
2021-01-02 21:37:34,768 INFO jarenlim100@gmail.com logged in successfully
2021-01-03 15:19:55,108 INFO valcheng01@gmail.com logged in successfully
2021-01-03 16:08:00,087 INFO matt1003489@gmail.com logged in successfully
2021-01-03 16:23:44,369 INFO valcheng01@gmail.com logged in successfully
2021-01-03 19:19:32,873 INFO warlords48@gmail.com logged in successfully
2021-01-03 19:20:13,481 INFO warlords48@gmail.com logged in successfully
2021-01-03 19:34:55,478 INFO jarenlim100@gmail.com logged in successfully
2021-01-03 20:11:32,256 INFO matt1003489@gmail.com logged in successfully
2021-01-03 21:39:18,077 INFO jarenlim100@gmail.com logged in successfully
2021-01-04 01:42:14,404 INFO matt1003489@gmail.com logged in successfully
2021-01-04 09:48:19,939 INFO matt1003489@gmail.com logged in successfully
2021-01-04 12:03:05,499 INFO matt1003489@gmail.com logged in successfully
2021-01-04 12:11:04,178 INFO matt1003489@gmail.com logged in successfully
2021-01-04 15:16:46,808 INFO matt1003489@gmail.com logged in successfully
2021-01-04 17:07:58,868 INFO jarenlim100@gmail.com logged in successfully
2021-01-04 17:45:52,667 INFO jarenlim100@gmail.com logged in successfully
2021-01-04 17:53:45,855 INFO matt1003489@gmail.com logged in successfully
2021-01-04 18:58:53,163 INFO matt1003489@gmail.com logged in successfully
2021-01-04 20:49:09,126 INFO matt1003489@gmail.com logged in successfully
2021-01-04 21:47:16,211 INFO matt1003489@gmail.com logged in successfully
2021-01-05 00:19:30,420 INFO matt1003489@gmail.com logged in successfully
2021-01-05 00:39:14,530 INFO matt1003489@gmail.com logged in successfully
2021-01-05 00:46:00,907 INFO matt1003489@gmail.com logged in successfully
2021-01-05 17:44:27,893 INFO matt1003489@gmail.com logged in successfully
2021-01-05 20:53:27,182 INFO matt1003489@gmail.com logged in successfully
2021-01-06 15:43:52,497 INFO matt1003489@gmail.com logged in successfully
2021-01-09 01:29:48,263 INFO matt1003489@gmail.com logged in successfully
2021-01-13 14:20:48,063 INFO warlords48@gmail.com logged in successfully
2021-01-13 15:07:27,447 INFO warlords48@gmail.com logged in successfully
2021-01-13 15:22:51,151 INFO warlords48@gmail.com logged in successfully
2021-01-13 17:52:35,535 INFO sytechia@gmail.com failed to log in
2021-01-13 17:59:37,225 INFO warlords47@gmail.com logged in successfully
2021-01-13 18:09:47,386 INFO sytechia@gmail.com logged in successfully
